<?xml version="1.0" encoding="UTF-8"?>
<coverage generated="1783044920327" clover="3.2.0">
  <project timestamp="1783044920327" name="All files">
    <metrics statements="114" coveredstatements="106" conditionals="65" coveredconditionals="57" methods="44" coveredmethods="36" elements="223" coveredelements="199" complexity="0" loc="114" ncloc="114" packages="4" files="9" classes="9"/>
    <package name="src">
      <metrics statements="5" coveredstatements="0" conditionals="0" coveredconditionals="0" methods="3" coveredmethods="0"/>
      <file name="App.tsx" path="C:\Users\marcu\Desktop\Projetos\frontend\weather-dashboard\src\App.tsx">
        <metrics statements="5" coveredstatements="0" conditionals="0" coveredconditionals="0" methods="3" coveredmethods="0"/>
        <line num="1" count="0" type="stmt"/>
        <line num="2" count="0" type="stmt"/>
        <line num="4" count="0" type="stmt"/>
        <line num="7" count="0" type="stmt"/>
        <line num="20" count="0" type="stmt"/>
      </file>
    </package>
    <package name="src.components">
      <metrics statements="54" coveredstatements="51" conditionals="25" coveredconditionals="21" methods="27" coveredmethods="22"/>
      <file name="AdvancedFilters.tsx" path="C:\Users\marcu\Desktop\Projetos\frontend\weather-dashboard\src\components\AdvancedFilters.tsx">
        <metrics statements="16" coveredstatements="15" conditionals="0" coveredconditionals="0" methods="9" coveredmethods="8"/>
        <line num="1" count="1" type="stmt"/>
        <line num="11" count="1" type="stmt"/>
        <line num="18" count="1" type="stmt"/>
        <line num="24" count="1" type="stmt"/>
        <line num="30" count="1" type="stmt"/>
        <line num="31" count="4" type="stmt"/>
        <line num="32" count="3" type="stmt"/>
        <line num="35" count="4" type="stmt"/>
        <line num="46" count="1" type="stmt"/>
        <line num="51" count="16" type="stmt"/>
        <line num="61" count="0" type="stmt"/>
        <line num="66" count="12" type="stmt"/>
        <line num="77" count="1" type="stmt"/>
        <line num="89" count="1" type="stmt"/>
        <line num="94" count="12" type="stmt"/>
        <line num="102" count="1" type="stmt"/>
      </file>
      <file name="Header.tsx" path="C:\Users\marcu\Desktop\Projetos\frontend\weather-dashboard\src\components\Header.tsx">
        <metrics statements="10" coveredstatements="9" conditionals="12" coveredconditionals="8" methods="3" coveredmethods="2"/>
        <line num="1" count="1" type="stmt"/>
        <line num="2" count="1" type="stmt"/>
        <line num="3" count="1" type="stmt"/>
        <line num="12" count="1" type="stmt"/>
        <line num="13" count="10" type="stmt"/>
        <line num="15" count="10" type="stmt"/>
        <line num="16" count="1" type="cond" truecount="1" falsecount="1"/>
        <line num="19" count="10" type="stmt"/>
        <line num="37" count="0" type="stmt"/>
        <line num="77" count="1" type="stmt"/>
      </file>
      <file name="PeriodFilter.tsx" path="C:\Users\marcu\Desktop\Projetos\frontend\weather-dashboard\src\components\PeriodFilter.tsx">
        <metrics statements="9" coveredstatements="8" conditionals="4" coveredconditionals="4" methods="5" coveredmethods="4"/>
        <line num="1" count="1" type="stmt"/>
        <line num="14" count="1" type="stmt"/>
        <line num="21" count="1" type="stmt"/>
        <line num="29" count="6" type="stmt"/>
        <line num="32" count="24" type="stmt"/>
        <line num="34" count="1" type="stmt"/>
        <line num="54" count="1" type="stmt"/>
        <line num="64" count="0" type="stmt"/>
        <line num="74" count="1" type="stmt"/>
      </file>
      <file name="WeatherCard.tsx" path="C:\Users\marcu\Desktop\Projetos\frontend\weather-dashboard\src\components\WeatherCard.tsx">
        <metrics statements="6" coveredstatements="6" conditionals="4" coveredconditionals="4" methods="3" coveredmethods="3"/>
        <line num="1" count="1" type="stmt"/>
        <line num="9" count="9" type="stmt"/>
        <line num="11" count="9" type="stmt"/>
        <line num="12" count="2" type="stmt"/>
        <line num="15" count="9" type="stmt"/>
        <line num="77" count="1" type="stmt"/>
      </file>
      <file name="WeatherTable.tsx" path="C:\Users\marcu\Desktop\Projetos\frontend\weather-dashboard\src\components\WeatherTable.tsx">
        <metrics statements="13" coveredstatements="13" conditionals="5" coveredconditionals="5" methods="7" coveredmethods="5"/>
        <line num="1" count="1" type="stmt"/>
        <line num="9" count="1" type="cond" truecount="1" falsecount="0"/>
        <line num="10" count="10" type="stmt"/>
        <line num="12" count="10" type="stmt"/>
        <line num="13" count="10" type="stmt"/>
        <line num="14" count="10" type="stmt"/>
        <line num="18" count="10" type="stmt"/>
        <line num="19" count="10" type="stmt"/>
        <line num="21" count="10" type="cond" truecount="2" falsecount="0"/>
        <line num="22" count="1" type="stmt"/>
        <line num="29" count="9" type="stmt"/>
        <line num="44" count="65" type="stmt"/>
        <line num="95" count="1" type="stmt"/>
      </file>
    </package>
    <package name="src.context">
      <metrics statements="22" coveredstatements="22" conditionals="14" coveredconditionals="11" methods="7" coveredmethods="7"/>
      <file name="ThemeContext.tsx" path="C:\Users\marcu\Desktop\Projetos\frontend\weather-dashboard\src\context\ThemeContext.tsx">
        <metrics statements="22" coveredstatements="22" conditionals="14" coveredconditionals="11" methods="7" coveredmethods="7"/>
        <line num="1" count="2" type="stmt"/>
        <line num="10" count="2" type="stmt"/>
        <line num="12" count="2" type="stmt"/>
        <line num="15" count="14" type="cond" truecount="1" falsecount="1"/>
        <line num="16" count="14" type="stmt"/>
        <line num="17" count="14" type="cond" truecount="4" falsecount="0"/>
        <line num="18" count="5" type="cond" truecount="1" falsecount="1"/>
        <line num="21" count="2" type="stmt"/>
        <line num="22" count="19" type="stmt"/>
        <line num="24" count="19" type="stmt"/>
        <line num="25" count="19" type="stmt"/>
        <line num="26" count="19" type="cond" truecount="2" falsecount="0"/>
        <line num="27" count="16" type="stmt"/>
        <line num="29" count="3" type="stmt"/>
        <line num="31" count="19" type="stmt"/>
        <line num="34" count="19" type="cond" truecount="2" falsecount="0"/>
        <line num="36" count="19" type="stmt"/>
        <line num="38" count="19" type="stmt"/>
        <line num="41" count="2" type="stmt"/>
        <line num="42" count="19" type="stmt"/>
        <line num="43" count="19" type="cond" truecount="1" falsecount="1"/>
        <line num="44" count="19" type="stmt"/>
      </file>
    </package>
    <package name="src.utils">
      <metrics statements="33" coveredstatements="33" conditionals="26" coveredconditionals="25" methods="7" coveredmethods="7"/>
      <file name="filters.ts" path="C:\Users\marcu\Desktop\Projetos\frontend\weather-dashboard\src\utils\filters.ts">
        <metrics statements="23" coveredstatements="23" conditionals="22" coveredconditionals="21" methods="6" coveredmethods="6"/>
        <line num="14" count="20" type="cond" truecount="4" falsecount="0"/>
        <line num="15" count="8" type="stmt"/>
        <line num="16" count="4" type="stmt"/>
        <line num="17" count="4" type="stmt"/>
        <line num="18" count="4" type="stmt"/>
        <line num="22" count="1" type="stmt"/>
        <line num="26" count="7" type="cond" truecount="2" falsecount="0"/>
        <line num="27" count="7" type="cond" truecount="4" falsecount="0"/>
        <line num="29" count="5" type="stmt"/>
        <line num="30" count="20" type="stmt"/>
        <line num="31" count="20" type="cond" truecount="3" falsecount="0"/>
        <line num="32" count="8" type="stmt"/>
        <line num="33" count="8" type="stmt"/>
        <line num="34" count="4" type="stmt"/>
        <line num="41" count="1" type="stmt"/>
        <line num="47" count="3" type="stmt"/>
        <line num="48" count="3" type="stmt"/>
        <line num="54" count="3" type="cond" truecount="5" falsecount="0"/>
        <line num="55" count="2" type="stmt"/>
        <line num="56" count="2" type="stmt"/>
        <line num="57" count="8" type="cond" truecount="2" falsecount="0"/>
        <line num="60" count="1" type="cond" truecount="1" falsecount="1"/>
        <line num="61" count="4" type="stmt"/>
      </file>
      <file name="mockData.ts" path="C:\Users\marcu\Desktop\Projetos\frontend\weather-dashboard\src\utils\mockData.ts">
        <metrics statements="10" coveredstatements="10" conditionals="4" coveredconditionals="4" methods="1" coveredmethods="1"/>
        <line num="3" count="1" type="stmt"/>
        <line num="17" count="1" type="stmt"/>
        <line num="18" count="4" type="stmt"/>
        <line num="19" count="4" type="stmt"/>
        <line num="20" count="4" type="cond" truecount="2" falsecount="0"/>
        <line num="21" count="4" type="cond" truecount="2" falsecount="0"/>
        <line num="23" count="4" type="stmt"/>
        <line num="24" count="68" type="stmt"/>
        <line num="25" count="68" type="stmt"/>
        <line num="35" count="4" type="stmt"/>
      </file>
    </package>
  </project>
</coverage>
