{"C:\\Users\\marcu\\Desktop\\Projetos\\frontend\\weather-dashboard\\src\\App.tsx": {"path":"C:\\Users\\marcu\\Desktop\\Projetos\\frontend\\weather-dashboard\\src\\App.tsx","statementMap":{"0":{"start":{"line":1,"column":0},"end":{"line":1,"column":39}},"1":{"start":{"line":2,"column":0},"end":{"line":2,"column":55}},"2":{"start":{"line":4,"column":18},"end":{"line":4,"column":57}},"3":{"start":{"line":4,"column":28},"end":{"line":4,"column":56}},"4":{"start":{"line":7,"column":2},"end":{"line":17,"column":4}},"5":{"start":{"line":20,"column":0},"end":{"line":20,"column":19}}},"fnMap":{"0":{"name":"(anonymous_9)","decl":{"start":{"line":4,"column":23},"end":{"line":4,"column":26}},"loc":{"start":{"line":4,"column":28},"end":{"line":4,"column":56}}},"1":{"name":"(anonymous_10)","decl":{"start":{"line":4,"column":28},"end":{"line":4,"column":36}},"loc":{"start":{"line":4,"column":28},"end":{"line":4,"column":56}}},"2":{"name":"App","decl":{"start":{"line":6,"column":9},"end":{"line":6,"column":12}},"loc":{"start":{"line":6,"column":12},"end":{"line":18,"column":1}}}},"branchMap":{},"s":{"0":0,"1":0,"2":0,"3":0,"4":0,"5":0},"f":{"0":0,"1":0,"2":0},"b":{}}
,"C:\\Users\\marcu\\Desktop\\Projetos\\frontend\\weather-dashboard\\src\\components\\AdvancedFilters.tsx": {"path":"C:\\Users\\marcu\\Desktop\\Projetos\\frontend\\weather-dashboard\\src\\components\\AdvancedFilters.tsx","statementMap":{"0":{"start":{"line":1,"column":0},"end":{"line":1,"column":26}},"1":{"start":{"line":11,"column":52},"end":{"line":16,"column":2}},"2":{"start":{"line":18,"column":60},"end":{"line":22,"column":2}},"3":{"start":{"line":24,"column":59},"end":{"line":28,"column":2}},"4":{"start":{"line":30,"column":56},"end":{"line":100,"column":1}},"5":{"start":{"line":31,"column":17},"end":{"line":33,"column":3}},"6":{"start":{"line":32,"column":4},"end":{"line":32,"column":48}},"7":{"start":{"line":35,"column":2},"end":{"line":99,"column":4}},"8":{"start":{"line":46,"column":27},"end":{"line":46,"column":71}},"9":{"start":{"line":51,"column":12},"end":{"line":51,"column":34}},"10":{"start":{"line":61,"column":27},"end":{"line":61,"column":79}},"11":{"start":{"line":66,"column":12},"end":{"line":66,"column":34}},"12":{"start":{"line":77,"column":27},"end":{"line":77,"column":64}},"13":{"start":{"line":89,"column":27},"end":{"line":89,"column":77}},"14":{"start":{"line":94,"column":12},"end":{"line":94,"column":34}},"15":{"start":{"line":102,"column":0},"end":{"line":102,"column":43}}},"fnMap":{"0":{"name":"(anonymous_1)","decl":{"start":{"line":30,"column":56},"end":{"line":30,"column":57}},"loc":{"start":{"line":30,"column":89},"end":{"line":100,"column":1}}},"1":{"name":"(anonymous_2)","decl":{"start":{"line":31,"column":17},"end":{"line":31,"column":18}},"loc":{"start":{"line":31,"column":51},"end":{"line":33,"column":3}}},"2":{"name":"(anonymous_3)","decl":{"start":{"line":46,"column":20},"end":{"line":46,"column":21}},"loc":{"start":{"line":46,"column":27},"end":{"line":46,"column":71}}},"3":{"name":"(anonymous_4)","decl":{"start":{"line":50,"column":23},"end":{"line":50,"column":24}},"loc":{"start":{"line":51,"column":12},"end":{"line":51,"column":34}}},"4":{"name":"(anonymous_5)","decl":{"start":{"line":61,"column":20},"end":{"line":61,"column":21}},"loc":{"start":{"line":61,"column":27},"end":{"line":61,"column":79}}},"5":{"name":"(anonymous_6)","decl":{"start":{"line":65,"column":27},"end":{"line":65,"column":28}},"loc":{"start":{"line":66,"column":12},"end":{"line":66,"column":34}}},"6":{"name":"(anonymous_7)","decl":{"start":{"line":77,"column":20},"end":{"line":77,"column":21}},"loc":{"start":{"line":77,"column":27},"end":{"line":77,"column":64}}},"7":{"name":"(anonymous_8)","decl":{"start":{"line":89,"column":20},"end":{"line":89,"column":21}},"loc":{"start":{"line":89,"column":27},"end":{"line":89,"column":77}}},"8":{"name":"(anonymous_9)","decl":{"start":{"line":93,"column":27},"end":{"line":93,"column":28}},"loc":{"start":{"line":94,"column":12},"end":{"line":94,"column":34}}}},"branchMap":{},"s":{"0":1,"1":1,"2":1,"3":1,"4":1,"5":4,"6":3,"7":4,"8":1,"9":16,"10":0,"11":12,"12":1,"13":1,"14":12,"15":1},"f":{"0":4,"1":3,"2":1,"3":16,"4":0,"5":12,"6":1,"7":1,"8":12},"b":{}}
,"C:\\Users\\marcu\\Desktop\\Projetos\\frontend\\weather-dashboard\\src\\components\\Header.tsx": {"path":"C:\\Users\\marcu\\Desktop\\Projetos\\frontend\\weather-dashboard\\src\\components\\Header.tsx","statementMap":{"0":{"start":{"line":1,"column":0},"end":{"line":1,"column":26}},"1":{"start":{"line":2,"column":0},"end":{"line":2,"column":49}},"2":{"start":{"line":3,"column":0},"end":{"line":3,"column":51}},"3":{"start":{"line":12,"column":38},"end":{"line":75,"column":1}},"4":{"start":{"line":13,"column":33},"end":{"line":13,"column":43}},"5":{"start":{"line":15,"column":24},"end":{"line":17,"column":3}},"6":{"start":{"line":16,"column":4},"end":{"line":16,"column":38}},"7":{"start":{"line":16,"column":27},"end":{"line":16,"column":38}},"8":{"start":{"line":19,"column":2},"end":{"line":74,"column":4}},"9":{"start":{"line":37,"column":33},"end":{"line":37,"column":66}},"10":{"start":{"line":77,"column":0},"end":{"line":77,"column":34}}},"fnMap":{"0":{"name":"(anonymous_1)","decl":{"start":{"line":12,"column":38},"end":{"line":12,"column":39}},"loc":{"start":{"line":12,"column":94},"end":{"line":75,"column":1}}},"1":{"name":"(anonymous_2)","decl":{"start":{"line":15,"column":24},"end":{"line":15,"column":25}},"loc":{"start":{"line":15,"column":51},"end":{"line":17,"column":3}}},"2":{"name":"(anonymous_3)","decl":{"start":{"line":37,"column":26},"end":{"line":37,"column":27}},"loc":{"start":{"line":37,"column":33},"end":{"line":37,"column":66}}}},"branchMap":{"0":{"loc":{"start":{"line":16,"column":4},"end":{"line":16,"column":38}},"type":"if","locations":[{"start":{"line":16,"column":4},"end":{"line":16,"column":38}},{"start":{},"end":{}}]},"1":{"loc":{"start":{"line":50,"column":24},"end":{"line":50,"column":52}},"type":"binary-expr","locations":[{"start":{"line":50,"column":24},"end":{"line":50,"column":31}},{"start":{"line":50,"column":35},"end":{"line":50,"column":52}}]},"2":{"loc":{"start":{"line":55,"column":15},"end":{"line":55,"column":48}},"type":"cond-expr","locations":[{"start":{"line":55,"column":25},"end":{"line":55,"column":37}},{"start":{"line":55,"column":40},"end":{"line":55,"column":48}}]},"3":{"loc":{"start":{"line":62,"column":37},"end":{"line":62,"column":72}},"type":"cond-expr","locations":[{"start":{"line":62,"column":56},"end":{"line":62,"column":63}},{"start":{"line":62,"column":66},"end":{"line":62,"column":72}}]},"4":{"loc":{"start":{"line":63,"column":32},"end":{"line":63,"column":67}},"type":"cond-expr","locations":[{"start":{"line":63,"column":51},"end":{"line":63,"column":58}},{"start":{"line":63,"column":61},"end":{"line":63,"column":67}}]},"5":{"loc":{"start":{"line":65,"column":13},"end":{"line":68,"column":null}},"type":"cond-expr","locations":[{"start":{"line":66,"column":14},"end":{"line":66,"column":82}},{"start":{"line":68,"column":14},"end":{"line":68,"column":83}}]}},"s":{"0":1,"1":1,"2":1,"3":1,"4":10,"5":10,"6":1,"7":1,"8":10,"9":0,"10":1},"f":{"0":10,"1":1,"2":0},"b":{"0":[1,0],"1":[10,8],"2":[2,8],"3":[10,0],"4":[10,0],"5":[10,0]}}
,"C:\\Users\\marcu\\Desktop\\Projetos\\frontend\\weather-dashboard\\src\\components\\PeriodFilter.tsx": {"path":"C:\\Users\\marcu\\Desktop\\Projetos\\frontend\\weather-dashboard\\src\\components\\PeriodFilter.tsx","statementMap":{"0":{"start":{"line":1,"column":0},"end":{"line":1,"column":26}},"1":{"start":{"line":14,"column":52},"end":{"line":19,"column":2}},"2":{"start":{"line":21,"column":50},"end":{"line":72,"column":1}},"3":{"start":{"line":29,"column":2},"end":{"line":71,"column":4}},"4":{"start":{"line":32,"column":8},"end":{"line":33,"column":null}},"5":{"start":{"line":34,"column":25},"end":{"line":34,"column":42}},"6":{"start":{"line":54,"column":29},"end":{"line":54,"column":64}},"7":{"start":{"line":64,"column":29},"end":{"line":64,"column":62}},"8":{"start":{"line":74,"column":0},"end":{"line":74,"column":40}}},"fnMap":{"0":{"name":"(anonymous_1)","decl":{"start":{"line":21,"column":50},"end":{"line":21,"column":51}},"loc":{"start":{"line":28,"column":5},"end":{"line":72,"column":1}}},"1":{"name":"(anonymous_2)","decl":{"start":{"line":31,"column":19},"end":{"line":31,"column":20}},"loc":{"start":{"line":32,"column":8},"end":{"line":33,"column":null}}},"2":{"name":"(anonymous_3)","decl":{"start":{"line":34,"column":19},"end":{"line":34,"column":22}},"loc":{"start":{"line":34,"column":25},"end":{"line":34,"column":42}}},"3":{"name":"(anonymous_4)","decl":{"start":{"line":54,"column":22},"end":{"line":54,"column":23}},"loc":{"start":{"line":54,"column":29},"end":{"line":54,"column":64}}},"4":{"name":"(anonymous_5)","decl":{"start":{"line":64,"column":22},"end":{"line":64,"column":23}},"loc":{"start":{"line":64,"column":29},"end":{"line":64,"column":62}}}},"branchMap":{"0":{"loc":{"start":{"line":37,"column":14},"end":{"line":39,"column":null}},"type":"cond-expr","locations":[{"start":{"line":38,"column":16},"end":{"line":38,"column":62}},{"start":{"line":39,"column":16},"end":{"line":39,"column":null}}]},"1":{"loc":{"start":{"line":47,"column":7},"end":{"line":68,"column":null}},"type":"binary-expr","locations":[{"start":{"line":47,"column":7},"end":{"line":47,"column":28}},{"start":{"line":48,"column":8},"end":{"line":67,"column":null}}]}},"s":{"0":1,"1":1,"2":1,"3":6,"4":24,"5":1,"6":1,"7":0,"8":1},"f":{"0":6,"1":24,"2":1,"3":1,"4":0},"b":{"0":[6,18],"1":[6,2]}}
,"C:\\Users\\marcu\\Desktop\\Projetos\\frontend\\weather-dashboard\\src\\components\\WeatherCard.tsx": {"path":"C:\\Users\\marcu\\Desktop\\Projetos\\frontend\\weather-dashboard\\src\\components\\WeatherCard.tsx","statementMap":{"0":{"start":{"line":1,"column":0},"end":{"line":1,"column":46}},"1":{"start":{"line":9,"column":38},"end":{"line":9,"column":53}},"2":{"start":{"line":11,"column":23},"end":{"line":13,"column":8}},"3":{"start":{"line":12,"column":4},"end":{"line":12,"column":35}},"4":{"start":{"line":12,"column":28},"end":{"line":12,"column":33}},"5":{"start":{"line":15,"column":2},"end":{"line":74,"column":4}},"6":{"start":{"line":77,"column":0},"end":{"line":77,"column":27}}},"fnMap":{"0":{"name":"WeatherCard","decl":{"start":{"line":8,"column":9},"end":{"line":8,"column":20}},"loc":{"start":{"line":8,"column":47},"end":{"line":75,"column":1}}},"1":{"name":"(anonymous_1)","decl":{"start":{"line":11,"column":35},"end":{"line":11,"column":38}},"loc":{"start":{"line":11,"column":40},"end":{"line":13,"column":3}}},"2":{"name":"(anonymous_2)","decl":{"start":{"line":12,"column":18},"end":{"line":12,"column":19}},"loc":{"start":{"line":12,"column":28},"end":{"line":12,"column":33}}}},"branchMap":{"0":{"loc":{"start":{"line":47,"column":9},"end":{"line":47,"column":47}},"type":"cond-expr","locations":[{"start":{"line":47,"column":22},"end":{"line":47,"column":33}},{"start":{"line":47,"column":36},"end":{"line":47,"column":47}}]},"1":{"loc":{"start":{"line":52,"column":89},"end":{"line":52,"column":146}},"type":"cond-expr","locations":[{"start":{"line":52,"column":102},"end":{"line":52,"column":124}},{"start":{"line":52,"column":127},"end":{"line":52,"column":146}}]}},"s":{"0":1,"1":9,"2":9,"3":2,"4":2,"5":9,"6":1},"f":{"0":9,"1":2,"2":2},"b":{"0":[2,7],"1":[2,7]}}
,"C:\\Users\\marcu\\Desktop\\Projetos\\frontend\\weather-dashboard\\src\\components\\WeatherTable.tsx": {"path":"C:\\Users\\marcu\\Desktop\\Projetos\\frontend\\weather-dashboard\\src\\components\\WeatherTable.tsx","statementMap":{"0":{"start":{"line":1,"column":0},"end":{"line":1,"column":39}},"1":{"start":{"line":9,"column":50},"end":{"line":93,"column":1}},"2":{"start":{"line":10,"column":26},"end":{"line":10,"column":43}},"3":{"start":{"line":12,"column":21},"end":{"line":12,"column":54}},"4":{"start":{"line":13,"column":19},"end":{"line":15,"column":null}},"5":{"start":{"line":14,"column":10},"end":{"line":14,"column":60}},"6":{"start":{"line":18,"column":17},"end":{"line":18,"column":70}},"7":{"start":{"line":18,"column":23},"end":{"line":18,"column":70}},"8":{"start":{"line":18,"column":38},"end":{"line":18,"column":69}},"9":{"start":{"line":19,"column":17},"end":{"line":19,"column":57}},"10":{"start":{"line":19,"column":23},"end":{"line":19,"column":57}},"11":{"start":{"line":19,"column":38},"end":{"line":19,"column":56}},"12":{"start":{"line":21,"column":2},"end":{"line":27,"column":3}},"13":{"start":{"line":22,"column":4},"end":{"line":26,"column":6}},"14":{"start":{"line":29,"column":2},"end":{"line":92,"column":4}},"15":{"start":{"line":44,"column":14},"end":{"line":45,"column":null}},"16":{"start":{"line":95,"column":0},"end":{"line":95,"column":40}}},"fnMap":{"0":{"name":"(anonymous_9)","decl":{"start":{"line":9,"column":50},"end":{"line":9,"column":51}},"loc":{"start":{"line":9,"column":78},"end":{"line":93,"column":1}}},"1":{"name":"(anonymous_10)","decl":{"start":{"line":14,"column":4},"end":{"line":14,"column":7}},"loc":{"start":{"line":14,"column":10},"end":{"line":14,"column":60}}},"2":{"name":"(anonymous_11)","decl":{"start":{"line":18,"column":17},"end":{"line":18,"column":20}},"loc":{"start":{"line":18,"column":23},"end":{"line":18,"column":70}}},"3":{"name":"(anonymous_12)","decl":{"start":{"line":18,"column":31},"end":{"line":18,"column":32}},"loc":{"start":{"line":18,"column":38},"end":{"line":18,"column":69}}},"4":{"name":"(anonymous_13)","decl":{"start":{"line":19,"column":17},"end":{"line":19,"column":20}},"loc":{"start":{"line":19,"column":23},"end":{"line":19,"column":57}}},"5":{"name":"(anonymous_14)","decl":{"start":{"line":19,"column":31},"end":{"line":19,"column":32}},"loc":{"start":{"line":19,"column":38},"end":{"line":19,"column":56}}},"6":{"name":"(anonymous_15)","decl":{"start":{"line":43,"column":26},"end":{"line":43,"column":27}},"loc":{"start":{"line":44,"column":14},"end":{"line":45,"column":null}}}},"branchMap":{"0":{"loc":{"start":{"line":9,"column":59},"end":{"line":9,"column":72}},"type":"default-arg","locations":[{"start":{"line":9,"column":70},"end":{"line":9,"column":72}}]},"1":{"loc":{"start":{"line":21,"column":2},"end":{"line":27,"column":3}},"type":"if","locations":[{"start":{"line":21,"column":2},"end":{"line":27,"column":3}},{"start":{},"end":{}}]},"2":{"loc":{"start":{"line":47,"column":20},"end":{"line":47,"column":61}},"type":"cond-expr","locations":[{"start":{"line":47,"column":36},"end":{"line":47,"column":45}},{"start":{"line":47,"column":48},"end":{"line":47,"column":61}}]}},"s":{"0":1,"1":1,"2":10,"3":10,"4":10,"5":10,"6":10,"7":4,"8":4,"9":10,"10":0,"11":0,"12":10,"13":1,"14":9,"15":65,"16":1},"f":{"0":10,"1":10,"2":4,"3":4,"4":0,"5":0,"6":65},"b":{"0":[2],"1":[1,9],"2":[37,28]}}
,"C:\\Users\\marcu\\Desktop\\Projetos\\frontend\\weather-dashboard\\src\\context\\ThemeContext.tsx": {"path":"C:\\Users\\marcu\\Desktop\\Projetos\\frontend\\weather-dashboard\\src\\context\\ThemeContext.tsx","statementMap":{"0":{"start":{"line":21,"column":0},"end":{"line":21,"column":16}},"1":{"start":{"line":41,"column":0},"end":{"line":41,"column":16}},"2":{"start":{"line":1,"column":0},"end":{"line":1,"column":96}},"3":{"start":{"line":10,"column":21},"end":{"line":10,"column":75}},"4":{"start":{"line":12,"column":20},"end":{"line":12,"column":37}},"5":{"start":{"line":15,"column":2},"end":{"line":15,"column":51}},"6":{"start":{"line":15,"column":37},"end":{"line":15,"column":51}},"7":{"start":{"line":16,"column":17},"end":{"line":16,"column":57}},"8":{"start":{"line":17,"column":2},"end":{"line":17,"column":61}},"9":{"start":{"line":17,"column":47},"end":{"line":17,"column":61}},"10":{"start":{"line":18,"column":2},"end":{"line":18,"column":84}},"11":{"start":{"line":22,"column":28},"end":{"line":22,"column":60}},"12":{"start":{"line":24,"column":2},"end":{"line":32,"column":14}},"13":{"start":{"line":25,"column":17},"end":{"line":25,"column":48}},"14":{"start":{"line":26,"column":4},"end":{"line":30,"column":5}},"15":{"start":{"line":27,"column":6},"end":{"line":27,"column":33}},"16":{"start":{"line":29,"column":6},"end":{"line":29,"column":36}},"17":{"start":{"line":31,"column":4},"end":{"line":31,"column":52}},"18":{"start":{"line":34,"column":22},"end":{"line":34,"column":84}},"19":{"start":{"line":34,"column":28},"end":{"line":34,"column":84}},"20":{"start":{"line":34,"column":48},"end":{"line":34,"column":82}},"21":{"start":{"line":36,"column":16},"end":{"line":36,"column":64}},"22":{"start":{"line":36,"column":31},"end":{"line":36,"column":53}},"23":{"start":{"line":38,"column":2},"end":{"line":38,"column":81}},"24":{"start":{"line":42,"column":18},"end":{"line":42,"column":42}},"25":{"start":{"line":43,"column":2},"end":{"line":43,"column":78}},"26":{"start":{"line":43,"column":16},"end":{"line":43,"column":78}},"27":{"start":{"line":44,"column":2},"end":{"line":44,"column":17}}},"fnMap":{"0":{"name":"getInitialTheme","decl":{"start":{"line":14,"column":9},"end":{"line":14,"column":24}},"loc":{"start":{"line":14,"column":24},"end":{"line":19,"column":1}}},"1":{"name":"ThemeProvider","decl":{"start":{"line":21,"column":16},"end":{"line":21,"column":29}},"loc":{"start":{"line":21,"column":67},"end":{"line":39,"column":1}}},"2":{"name":"(anonymous_2)","decl":{"start":{"line":24,"column":12},"end":{"line":24,"column":15}},"loc":{"start":{"line":24,"column":17},"end":{"line":32,"column":3}}},"3":{"name":"(anonymous_3)","decl":{"start":{"line":34,"column":22},"end":{"line":34,"column":25}},"loc":{"start":{"line":34,"column":28},"end":{"line":34,"column":84}}},"4":{"name":"(anonymous_4)","decl":{"start":{"line":34,"column":37},"end":{"line":34,"column":38}},"loc":{"start":{"line":34,"column":48},"end":{"line":34,"column":82}}},"5":{"name":"(anonymous_5)","decl":{"start":{"line":36,"column":24},"end":{"line":36,"column":27}},"loc":{"start":{"line":36,"column":31},"end":{"line":36,"column":53}}},"6":{"name":"useTheme","decl":{"start":{"line":41,"column":16},"end":{"line":41,"column":24}},"loc":{"start":{"line":41,"column":24},"end":{"line":45,"column":1}}}},"branchMap":{"0":{"loc":{"start":{"line":15,"column":2},"end":{"line":15,"column":51}},"type":"if","locations":[{"start":{"line":15,"column":2},"end":{"line":15,"column":51}},{"start":{},"end":{}}]},"1":{"loc":{"start":{"line":17,"column":2},"end":{"line":17,"column":61}},"type":"if","locations":[{"start":{"line":17,"column":2},"end":{"line":17,"column":61}},{"start":{},"end":{}}]},"2":{"loc":{"start":{"line":17,"column":6},"end":{"line":17,"column":45}},"type":"binary-expr","locations":[{"start":{"line":17,"column":6},"end":{"line":17,"column":24}},{"start":{"line":17,"column":28},"end":{"line":17,"column":45}}]},"3":{"loc":{"start":{"line":18,"column":9},"end":{"line":18,"column":83}},"type":"cond-expr","locations":[{"start":{"line":18,"column":67},"end":{"line":18,"column":73}},{"start":{"line":18,"column":76},"end":{"line":18,"column":83}}]},"4":{"loc":{"start":{"line":26,"column":4},"end":{"line":30,"column":5}},"type":"if","locations":[{"start":{"line":26,"column":4},"end":{"line":30,"column":5}},{"start":{"line":28,"column":11},"end":{"line":30,"column":5}}]},"5":{"loc":{"start":{"line":34,"column":48},"end":{"line":34,"column":82}},"type":"cond-expr","locations":[{"start":{"line":34,"column":66},"end":{"line":34,"column":73}},{"start":{"line":34,"column":76},"end":{"line":34,"column":82}}]},"6":{"loc":{"start":{"line":43,"column":2},"end":{"line":43,"column":78}},"type":"if","locations":[{"start":{"line":43,"column":2},"end":{"line":43,"column":78}},{"start":{},"end":{}}]}},"s":{"0":2,"1":2,"2":2,"3":2,"4":2,"5":14,"6":0,"7":14,"8":14,"9":9,"10":5,"11":19,"12":19,"13":19,"14":19,"15":16,"16":3,"17":19,"18":19,"19":5,"20":5,"21":19,"22":19,"23":19,"24":19,"25":19,"26":0,"27":19},"f":{"0":14,"1":19,"2":19,"3":5,"4":5,"5":19,"6":19},"b":{"0":[0,14],"1":[9,5],"2":[14,14],"3":[5,0],"4":[16,3],"5":[3,2],"6":[0,19]}}
,"C:\\Users\\marcu\\Desktop\\Projetos\\frontend\\weather-dashboard\\src\\utils\\filters.ts": {"path":"C:\\Users\\marcu\\Desktop\\Projetos\\frontend\\weather-dashboard\\src\\utils\\filters.ts","statementMap":{"0":{"start":{"line":22,"column":0},"end":{"line":22,"column":16}},"1":{"start":{"line":41,"column":0},"end":{"line":41,"column":16}},"2":{"start":{"line":14,"column":2},"end":{"line":19,"column":3}},"3":{"start":{"line":15,"column":24},"end":{"line":15,"column":41}},"4":{"start":{"line":16,"column":21},"end":{"line":16,"column":42}},"5":{"start":{"line":17,"column":22},"end":{"line":17,"column":44}},"6":{"start":{"line":18,"column":21},"end":{"line":18,"column":42}},"7":{"start":{"line":26,"column":16},"end":{"line":26,"column":85}},"8":{"start":{"line":27,"column":2},"end":{"line":27,"column":55}},"9":{"start":{"line":27,"column":43},"end":{"line":27,"column":55}},"10":{"start":{"line":29,"column":2},"end":{"line":36,"column":5}},"11":{"start":{"line":30,"column":19},"end":{"line":30,"column":59}},"12":{"start":{"line":31,"column":4},"end":{"line":35,"column":5}},"13":{"start":{"line":32,"column":17},"end":{"line":32,"column":39}},"14":{"start":{"line":33,"column":17},"end":{"line":33,"column":39}},"15":{"start":{"line":34,"column":17},"end":{"line":34,"column":56}},"16":{"start":{"line":47,"column":14},"end":{"line":47,"column":24}},"17":{"start":{"line":48,"column":43},"end":{"line":52,"column":4}},"18":{"start":{"line":54,"column":2},"end":{"line":58,"column":3}},"19":{"start":{"line":55,"column":18},"end":{"line":55,"column":49}},"20":{"start":{"line":56,"column":16},"end":{"line":56,"column":56}},"21":{"start":{"line":57,"column":4},"end":{"line":57,"column":74}},"22":{"start":{"line":57,"column":30},"end":{"line":57,"column":72}},"23":{"start":{"line":60,"column":17},"end":{"line":60,"column":59}},"24":{"start":{"line":61,"column":2},"end":{"line":61,"column":51}},"25":{"start":{"line":61,"column":28},"end":{"line":61,"column":49}}},"fnMap":{"0":{"name":"getMetricValue","decl":{"start":{"line":13,"column":9},"end":{"line":13,"column":23}},"loc":{"start":{"line":13,"column":60},"end":{"line":20,"column":1}}},"1":{"name":"filterHistoricalData","decl":{"start":{"line":22,"column":16},"end":{"line":22,"column":36}},"loc":{"start":{"line":24,"column":26},"end":{"line":37,"column":1}}},"2":{"name":"(anonymous_2)","decl":{"start":{"line":29,"column":21},"end":{"line":29,"column":22}},"loc":{"start":{"line":29,"column":30},"end":{"line":36,"column":3}}},"3":{"name":"filterDataByPeriod","decl":{"start":{"line":41,"column":16},"end":{"line":41,"column":34}},"loc":{"start":{"line":45,"column":20},"end":{"line":62,"column":1}}},"4":{"name":"(anonymous_4)","decl":{"start":{"line":57,"column":23},"end":{"line":57,"column":24}},"loc":{"start":{"line":57,"column":30},"end":{"line":57,"column":72}}},"5":{"name":"(anonymous_5)","decl":{"start":{"line":61,"column":21},"end":{"line":61,"column":22}},"loc":{"start":{"line":61,"column":28},"end":{"line":61,"column":49}}}},"branchMap":{"0":{"loc":{"start":{"line":14,"column":2},"end":{"line":19,"column":3}},"type":"switch","locations":[{"start":{"line":15,"column":4},"end":{"line":15,"column":41}},{"start":{"line":16,"column":4},"end":{"line":16,"column":42}},{"start":{"line":17,"column":4},"end":{"line":17,"column":44}},{"start":{"line":18,"column":4},"end":{"line":18,"column":42}}]},"1":{"loc":{"start":{"line":26,"column":16},"end":{"line":26,"column":85}},"type":"cond-expr","locations":[{"start":{"line":26,"column":40},"end":{"line":26,"column":73}},{"start":{"line":26,"column":76},"end":{"line":26,"column":85}}]},"2":{"loc":{"start":{"line":27,"column":2},"end":{"line":27,"column":55}},"type":"if","locations":[{"start":{"line":27,"column":2},"end":{"line":27,"column":55}},{"start":{},"end":{}}]},"3":{"loc":{"start":{"line":27,"column":6},"end":{"line":27,"column":41}},"type":"binary-expr","locations":[{"start":{"line":27,"column":6},"end":{"line":27,"column":25}},{"start":{"line":27,"column":29},"end":{"line":27,"column":41}}]},"4":{"loc":{"start":{"line":31,"column":4},"end":{"line":35,"column":5}},"type":"switch","locations":[{"start":{"line":32,"column":6},"end":{"line":32,"column":39}},{"start":{"line":33,"column":6},"end":{"line":33,"column":39}},{"start":{"line":34,"column":6},"end":{"line":34,"column":56}}]},"5":{"loc":{"start":{"line":54,"column":2},"end":{"line":58,"column":3}},"type":"if","locations":[{"start":{"line":54,"column":2},"end":{"line":58,"column":3}},{"start":{},"end":{}}]},"6":{"loc":{"start":{"line":54,"column":6},"end":{"line":54,"column":53}},"type":"binary-expr","locations":[{"start":{"line":54,"column":6},"end":{"line":54,"column":25}},{"start":{"line":54,"column":29},"end":{"line":54,"column":40}},{"start":{"line":54,"column":44},"end":{"line":54,"column":53}}]},"7":{"loc":{"start":{"line":57,"column":30},"end":{"line":57,"column":72}},"type":"binary-expr","locations":[{"start":{"line":57,"column":30},"end":{"line":57,"column":50}},{"start":{"line":57,"column":54},"end":{"line":57,"column":72}}]},"8":{"loc":{"start":{"line":60,"column":24},"end":{"line":60,"column":58}},"type":"binary-expr","locations":[{"start":{"line":60,"column":24},"end":{"line":60,"column":40}},{"start":{"line":60,"column":44},"end":{"line":60,"column":58}}]}},"s":{"0":1,"1":1,"2":20,"3":8,"4":4,"5":4,"6":4,"7":7,"8":7,"9":2,"10":5,"11":20,"12":20,"13":8,"14":8,"15":4,"16":3,"17":3,"18":3,"19":2,"20":2,"21":2,"22":8,"23":1,"24":1,"25":4},"f":{"0":20,"1":7,"2":20,"3":3,"4":8,"5":4},"b":{"0":[8,4,4,4],"1":[6,1],"2":[2,5],"3":[7,6],"4":[8,8,4],"5":[2,1],"6":[3,2,2],"7":[8,8],"8":[1,0]}}
,"C:\\Users\\marcu\\Desktop\\Projetos\\frontend\\weather-dashboard\\src\\utils\\mockData.ts": {"path":"C:\\Users\\marcu\\Desktop\\Projetos\\frontend\\weather-dashboard\\src\\utils\\mockData.ts","statementMap":{"0":{"start":{"line":17,"column":0},"end":{"line":17,"column":16}},"1":{"start":{"line":3,"column":13},"end":{"line":15,"column":2}},"2":{"start":{"line":18,"column":14},"end":{"line":18,"column":24}},"3":{"start":{"line":19,"column":33},"end":{"line":19,"column":35}},"4":{"start":{"line":20,"column":16},"end":{"line":20,"column":37}},"5":{"start":{"line":21,"column":21},"end":{"line":21,"column":51}},"6":{"start":{"line":23,"column":2},"end":{"line":33,"column":3}},"7":{"start":{"line":23,"column":15},"end":{"line":23,"column":24}},"8":{"start":{"line":24,"column":15},"end":{"line":24,"column":35}},"9":{"start":{"line":25,"column":4},"end":{"line":32,"column":7}},"10":{"start":{"line":35,"column":2},"end":{"line":35,"column":14}}},"fnMap":{"0":{"name":"generateMockHistorical","decl":{"start":{"line":17,"column":16},"end":{"line":17,"column":38}},"loc":{"start":{"line":17,"column":51},"end":{"line":36,"column":1}}}},"branchMap":{"0":{"loc":{"start":{"line":20,"column":16},"end":{"line":20,"column":37}},"type":"cond-expr","locations":[{"start":{"line":20,"column":28},"end":{"line":20,"column":30}},{"start":{"line":20,"column":33},"end":{"line":20,"column":37}}]},"1":{"loc":{"start":{"line":21,"column":21},"end":{"line":21,"column":51}},"type":"cond-expr","locations":[{"start":{"line":21,"column":33},"end":{"line":21,"column":40}},{"start":{"line":21,"column":43},"end":{"line":21,"column":51}}]}},"s":{"0":1,"1":1,"2":4,"3":4,"4":4,"5":4,"6":4,"7":4,"8":68,"9":68,"10":4},"f":{"0":4},"b":{"0":[1,3],"1":[1,3]}}
}
