TN:
SF:src\App.tsx
FN:4,(anonymous_9)
FN:4,(anonymous_10)
FN:6,App
FNF:3
FNH:0
FNDA:0,(anonymous_9)
FNDA:0,(anonymous_10)
FNDA:0,App
DA:1,0
DA:2,0
DA:4,0
DA:7,0
DA:20,0
LF:5
LH:0
BRF:0
BRH:0
end_of_record
TN:
SF:src\components\AdvancedFilters.tsx
FN:30,(anonymous_1)
FN:31,(anonymous_2)
FN:46,(anonymous_3)
FN:50,(anonymous_4)
FN:61,(anonymous_5)
FN:65,(anonymous_6)
FN:77,(anonymous_7)
FN:89,(anonymous_8)
FN:93,(anonymous_9)
FNF:9
FNH:8
FNDA:4,(anonymous_1)
FNDA:3,(anonymous_2)
FNDA:1,(anonymous_3)
FNDA:16,(anonymous_4)
FNDA:0,(anonymous_5)
FNDA:12,(anonymous_6)
FNDA:1,(anonymous_7)
FNDA:1,(anonymous_8)
FNDA:12,(anonymous_9)
DA:1,1
DA:11,1
DA:18,1
DA:24,1
DA:30,1
DA:31,4
DA:32,3
DA:35,4
DA:46,1
DA:51,16
DA:61,0
DA:66,12
DA:77,1
DA:89,1
DA:94,12
DA:102,1
LF:16
LH:15
BRF:0
BRH:0
end_of_record
TN:
SF:src\components\Header.tsx
FN:12,(anonymous_1)
FN:15,(anonymous_2)
FN:37,(anonymous_3)
FNF:3
FNH:2
FNDA:10,(anonymous_1)
FNDA:1,(anonymous_2)
FNDA:0,(anonymous_3)
DA:1,1
DA:2,1
DA:3,1
DA:12,1
DA:13,10
DA:15,10
DA:16,1
DA:19,10
DA:37,0
DA:77,1
LF:10
LH:9
BRDA:16,0,0,1
BRDA:16,0,1,0
BRDA:50,1,0,10
BRDA:50,1,1,8
BRDA:55,2,0,2
BRDA:55,2,1,8
BRDA:62,3,0,10
BRDA:62,3,1,0
BRDA:63,4,0,10
BRDA:63,4,1,0
BRDA:65,5,0,10
BRDA:65,5,1,0
BRF:12
BRH:8
end_of_record
TN:
SF:src\components\PeriodFilter.tsx
FN:21,(anonymous_1)
FN:31,(anonymous_2)
FN:34,(anonymous_3)
FN:54,(anonymous_4)
FN:64,(anonymous_5)
FNF:5
FNH:4
FNDA:6,(anonymous_1)
FNDA:24,(anonymous_2)
FNDA:1,(anonymous_3)
FNDA:1,(anonymous_4)
FNDA:0,(anonymous_5)
DA:1,1
DA:14,1
DA:21,1
DA:29,6
DA:32,24
DA:34,1
DA:54,1
DA:64,0
DA:74,1
LF:9
LH:8
BRDA:37,0,0,6
BRDA:37,0,1,18
BRDA:47,1,0,6
BRDA:47,1,1,2
BRF:4
BRH:4
end_of_record
TN:
SF:src\components\WeatherCard.tsx
FN:8,WeatherCard
FN:11,(anonymous_1)
FN:12,(anonymous_2)
FNF:3
FNH:3
FNDA:9,WeatherCard
FNDA:2,(anonymous_1)
FNDA:2,(anonymous_2)
DA:1,1
DA:9,9
DA:11,9
DA:12,2
DA:15,9
DA:77,1
LF:6
LH:6
BRDA:47,0,0,2
BRDA:47,0,1,7
BRDA:52,1,0,2
BRDA:52,1,1,7
BRF:4
BRH:4
end_of_record
TN:
SF:src\components\WeatherTable.tsx
FN:9,(anonymous_9)
FN:14,(anonymous_10)
FN:18,(anonymous_11)
FN:18,(anonymous_12)
FN:19,(anonymous_13)
FN:19,(anonymous_14)
FN:43,(anonymous_15)
FNF:7
FNH:5
FNDA:10,(anonymous_9)
FNDA:10,(anonymous_10)
FNDA:4,(anonymous_11)
FNDA:4,(anonymous_12)
FNDA:0,(anonymous_13)
FNDA:0,(anonymous_14)
FNDA:65,(anonymous_15)
DA:1,1
DA:9,1
DA:10,10
DA:12,10
DA:13,10
DA:14,10
DA:18,10
DA:19,10
DA:21,10
DA:22,1
DA:29,9
DA:44,65
DA:95,1
LF:13
LH:13
BRDA:9,0,0,2
BRDA:21,1,0,1
BRDA:21,1,1,9
BRDA:47,2,0,37
BRDA:47,2,1,28
BRF:5
BRH:5
end_of_record
TN:
SF:src\context\ThemeContext.tsx
FN:14,getInitialTheme
FN:21,ThemeProvider
FN:24,(anonymous_2)
FN:34,(anonymous_3)
FN:34,(anonymous_4)
FN:36,(anonymous_5)
FN:41,useTheme
FNF:7
FNH:7
FNDA:14,getInitialTheme
FNDA:19,ThemeProvider
FNDA:19,(anonymous_2)
FNDA:5,(anonymous_3)
FNDA:5,(anonymous_4)
FNDA:19,(anonymous_5)
FNDA:19,useTheme
DA:1,2
DA:10,2
DA:12,2
DA:15,14
DA:16,14
DA:17,14
DA:18,5
DA:21,2
DA:22,19
DA:24,19
DA:25,19
DA:26,19
DA:27,16
DA:29,3
DA:31,19
DA:34,19
DA:36,19
DA:38,19
DA:41,2
DA:42,19
DA:43,19
DA:44,19
LF:22
LH:22
BRDA:15,0,0,0
BRDA:15,0,1,14
BRDA:17,1,0,9
BRDA:17,1,1,5
BRDA:17,2,0,14
BRDA:17,2,1,14
BRDA:18,3,0,5
BRDA:18,3,1,0
BRDA:26,4,0,16
BRDA:26,4,1,3
BRDA:34,5,0,3
BRDA:34,5,1,2
BRDA:43,6,0,0
BRDA:43,6,1,19
BRF:14
BRH:11
end_of_record
TN:
SF:src\utils\filters.ts
FN:13,getMetricValue
FN:22,filterHistoricalData
FN:29,(anonymous_2)
FN:41,filterDataByPeriod
FN:57,(anonymous_4)
FN:61,(anonymous_5)
FNF:6
FNH:6
FNDA:20,getMetricValue
FNDA:7,filterHistoricalData
FNDA:20,(anonymous_2)
FNDA:3,filterDataByPeriod
FNDA:8,(anonymous_4)
FNDA:4,(anonymous_5)
DA:14,20
DA:15,8
DA:16,4
DA:17,4
DA:18,4
DA:22,1
DA:26,7
DA:27,7
DA:29,5
DA:30,20
DA:31,20
DA:32,8
DA:33,8
DA:34,4
DA:41,1
DA:47,3
DA:48,3
DA:54,3
DA:55,2
DA:56,2
DA:57,8
DA:60,1
DA:61,4
LF:23
LH:23
BRDA:14,0,0,8
BRDA:14,0,1,4
BRDA:14,0,2,4
BRDA:14,0,3,4
BRDA:26,1,0,6
BRDA:26,1,1,1
BRDA:27,2,0,2
BRDA:27,2,1,5
BRDA:27,3,0,7
BRDA:27,3,1,6
BRDA:31,4,0,8
BRDA:31,4,1,8
BRDA:31,4,2,4
BRDA:54,5,0,2
BRDA:54,5,1,1
BRDA:54,6,0,3
BRDA:54,6,1,2
BRDA:54,6,2,2
BRDA:57,7,0,8
BRDA:57,7,1,8
BRDA:60,8,0,1
BRDA:60,8,1,0
BRF:22
BRH:21
end_of_record
TN:
SF:src\utils\mockData.ts
FN:17,generateMockHistorical
FNF:1
FNH:1
FNDA:4,generateMockHistorical
DA:3,1
DA:17,1
DA:18,4
DA:19,4
DA:20,4
DA:21,4
DA:23,4
DA:24,68
DA:25,68
DA:35,4
LF:10
LH:10
BRDA:20,0,0,1
BRDA:20,0,1,3
BRDA:21,1,0,1
BRDA:21,1,1,3
BRF:4
BRH:4
end_of_record
